2015/05/27 16:28:48 にビルドを開始しました。
     1>ノード 2 上のプロジェクト "C:\Users\mideal\Documents\GitHub\KinectOnTheCeiling\Kinect2Capture\Kinect2Capture\Kinect2Capture.vcxproj" (Build ターゲット)。
     1>ClCompile:
         C:\Program Files (x86)\Microsoft Visual Studio 11.0\VC\bin\x86_amd64\CL.exe /c /I"C:\Program Files\Microsoft SDKs\Kinect\v2.0-PublicPreview1409\\inc" /I"C:\Program Files\boost_1_58_0" /I"C:\Program Files\opencv\build\include" /Zi /nologo /W3 /WX- /sdl /Od /D WIN32 /D _DEBUG /D _CONSOLE /D _CRT_SECURE_NO_DEPRECATE /Gm /EHsc /RTC1 /MDd /GS /fp:precise /Zc:wchar_t /Zc:forScope /Fo"x64\Debug\\" /Fd"x64\Debug\vc110.pdb" /Gd /TP /errorReport:prompt myUtils\FrameMat\FrameMat.cpp
         FrameMat.cpp
     1>c:\users\mideal\documents\github\kinectontheceiling\kinect2capture\kinect2capture\myutils\framemat\framemat.h(29): warning C4800: 'int' : ブール値を 'true' または 'false' に強制的に設定します (警告の処理)
     1>myUtils\FrameMat\FrameMat.cpp(7): warning C4267: '=' : 'size_t' から 'int' に変換しました。データが失われているかもしれません。
       Link:
         C:\Program Files (x86)\Microsoft Visual Studio 11.0\VC\bin\x86_amd64\link.exe /ERRORREPORT:PROMPT /OUT:"C:\Users\mideal\Documents\GitHub\KinectOnTheCeiling\Kinect2Capture\x64\Debug\Kinect2Capture.exe" /INCREMENTAL /NOLOGO /LIBPATH:"C:\Program Files\Microsoft SDKs\Kinect\v2.0-PublicPreview1409\\lib\x64" /LIBPATH:"C:\Program Files\boost_1_58_0\stage\lib" /LIBPATH:"C:\Program Files\opencv\build\x64\vc11\lib" kinect20.lib opencv_calib3d2411d.lib opencv_contrib2411d.lib opencv_core2411d.lib opencv_features2d2411d.lib opencv_flann2411d.lib opencv_gpu2411d.lib opencv_highgui2411d.lib opencv_imgproc2411d.lib opencv_legacy2411d.lib opencv_ml2411d.lib opencv_nonfree2411d.lib opencv_objdetect2411d.lib opencv_ocl2411d.lib opencv_photo2411d.lib opencv_stitching2411d.lib opencv_superres2411d.lib opencv_ts2411d.lib opencv_video2411d.lib opencv_videostab2411d.lib kernel32.lib user32.lib gdi32.lib winspool.lib comdlg32.lib advapi32.lib shell32.lib ole32.lib oleaut32.lib uuid.lib odbc32.lib odbccp32.lib /MANIFEST /MANIFESTUAC:"level='asInvoker' uiAccess='false'" /manifest:embed /DEBUG /PDB:"C:\Users\mideal\Documents\GitHub\KinectOnTheCeiling\Kinect2Capture\x64\Debug\Kinect2Capture.pdb" /SUBSYSTEM:CONSOLE /TLBID:1 /DYNAMICBASE /NXCOMPAT /IMPLIB:"C:\Users\mideal\Documents\GitHub\KinectOnTheCeiling\Kinect2Capture\x64\Debug\Kinect2Capture.lib" /MACHINE:X64 x64\Debug\DepthMat.obj
         x64\Debug\FrameMat.obj
         x64\Debug\ColorMat.obj
         x64\Debug\InfraredMat.obj
         x64\Debug\KinectCapture.obj
         x64\Debug\TimeStamp.obj
         x64\Debug\Source.obj
         x64\Debug\CmdLineOptions.obj
         Kinect2Capture.vcxproj -> C:\Users\mideal\Documents\GitHub\KinectOnTheCeiling\Kinect2Capture\x64\Debug\Kinect2Capture.exe
     1>プロジェクト "C:\Users\mideal\Documents\GitHub\KinectOnTheCeiling\Kinect2Capture\Kinect2Capture\Kinect2Capture.vcxproj" (Build ターゲット) のビルドが完了しました。

ビルドに成功しました。

経過時間 00:00:06.66
