2015/04/22 14:07:04 にビルドを開始しました。
     1>ノード 2 上のプロジェクト "C:\Users\mideal\Documents\Visual Studio 2012\Projects\Kinect2Capture\Kinect2Capture\Kinect2Capture.vcxproj" (Build ターゲット)。
     1>ClCompile:
         C:\Program Files (x86)\Microsoft Visual Studio 11.0\VC\bin\CL.exe /c /I"C:\Users\mideal\Documents\Visual Studio 2012\Projects\Kinect2Capture\packages\boost.1.57.0.0\build\native\..\..\lib\native\include\\" /I"C:\Users\mideal\Documents\Visual Studio 2012\Projects\Kinect2Capture\packages\OpenCV.2.4.8\build\native\../../build/native/include/" /I"C:\Program Files\Microsoft SDKs\Kinect\v2.0-PublicPreview1409\\inc" /ZI /nologo /W3 /WX- /sdl /Od /Oy- /D BOOST_SYSTEM_NO_LIB /D BOOST_FILESYSTEM_NO_LIB /D HAS_OPENCV /D WIN32 /D _DEBUG /D _CONSOLE /D _CRT_SECURE_NO_DEPRECATE /Gm /EHsc /RTC1 /MDd /GS /fp:precise /Zc:wchar_t /Zc:forScope /Fo"Debug\\" /Fd"Debug\vc110.pdb" /Gd /TP /analyze- /errorReport:prompt Source.cpp
         Source.cpp
     1>c:\users\mideal\documents\visual studio 2012\projects\kinect2capture\kinect2capture\myutils\framemat\framemat.h(29): warning C4800: 'int' : ブール値を 'true' または 'false' に強制的に設定します (警告の処理)
       Link:
         C:\Program Files (x86)\Microsoft Visual Studio 11.0\VC\bin\link.exe /ERRORREPORT:PROMPT /OUT:"C:\Users\mideal\Documents\Visual Studio 2012\Projects\Kinect2Capture\Debug\Kinect2Capture.exe" /INCREMENTAL /NOLOGO /LIBPATH:"C:\Users\mideal\Documents\Visual Studio 2012\Projects\Kinect2Capture\packages\boost_program_options-vc110.1.57.0.0\build\native\..\..\lib\native\address-model-32\lib" /LIBPATH:"C:\Program Files\Microsoft SDKs\Kinect\v2.0-PublicPreview1409\\lib\x86" "C:\Users\mideal\Documents\Visual Studio 2012\Projects\Kinect2Capture\packages\OpenCV.2.4.8\build\native\../../build/native/lib/Win32/v110/Debug/opencv_videostab248d.lib" "C:\Users\mideal\Documents\Visual Studio 2012\Projects\Kinect2Capture\packages\OpenCV.2.4.8\build\native\../../build/native/lib/Win32/v110/Debug/opencv_video248d.lib" "C:\Users\mideal\Documents\Visual Studio 2012\Projects\Kinect2Capture\packages\OpenCV.2.4.8\build\native\../../build/native/lib/Win32/v110/Debug/opencv_ts248d.lib" "C:\Users\mideal\Documents\Visual Studio 2012\Projects\Kinect2Capture\packages\OpenCV.2.4.8\build\native\../../build/native/lib/Win32/v110/Debug/opencv_superres248d.lib" "C:\Users\mideal\Documents\Visual Studio 2012\Projects\Kinect2Capture\packages\OpenCV.2.4.8\build\native\../../build/native/lib/Win32/v110/Debug/opencv_stitching248d.lib" "C:\Users\mideal\Documents\Visual Studio 2012\Projects\Kinect2Capture\packages\OpenCV.2.4.8\build\native\../../build/native/lib/Win32/v110/Debug/opencv_photo248d.lib" "C:\Users\mideal\Documents\Visual Studio 2012\Projects\Kinect2Capture\packages\OpenCV.2.4.8\build\native\../../build/native/lib/Win32/v110/Debug/opencv_ocl248d.lib" "C:\Users\mideal\Documents\Visual Studio 2012\Projects\Kinect2Capture\packages\OpenCV.2.4.8\build\native\../../build/native/lib/Win32/v110/Debug/opencv_objdetect248d.lib" "C:\Users\mideal\Documents\Visual Studio 2012\Projects\Kinect2Capture\packages\OpenCV.2.4.8\build\native\../../build/native/lib/Win32/v110/Debug/opencv_nonfree248d.lib" "C:\Users\mideal\Documents\Visual Studio 2012\Projects\Kinect2Capture\packages\OpenCV.2.4.8\build\native\../../build/native/lib/Win32/v110/Debug/opencv_ml248d.lib" "C:\Users\mideal\Documents\Visual Studio 2012\Projects\Kinect2Capture\packages\OpenCV.2.4.8\build\native\../../build/native/lib/Win32/v110/Debug/opencv_legacy248d.lib" "C:\Users\mideal\Documents\Visual Studio 2012\Projects\Kinect2Capture\packages\OpenCV.2.4.8\build\native\../../build/native/lib/Win32/v110/Debug/opencv_imgproc248d.lib" "C:\Users\mideal\Documents\Visual Studio 2012\Projects\Kinect2Capture\packages\OpenCV.2.4.8\build\native\../../build/native/lib/Win32/v110/Debug/opencv_highgui248d.lib" "C:\Users\mideal\Documents\Visual Studio 2012\Projects\Kinect2Capture\packages\OpenCV.2.4.8\build\native\../../build/native/lib/Win32/v110/Debug/opencv_gpu248d.lib" "C:\Users\mideal\Documents\Visual Studio 2012\Projects\Kinect2Capture\packages\OpenCV.2.4.8\build\native\../../build/native/lib/Win32/v110/Debug/opencv_flann248d.lib" "C:\Users\mideal\Documents\Visual Studio 2012\Projects\Kinect2Capture\packages\OpenCV.2.4.8\build\native\../../build/native/lib/Win32/v110/Debug/opencv_features2d248d.lib" "C:\Users\mideal\Documents\Visual Studio 2012\Projects\Kinect2Capture\packages\OpenCV.2.4.8\build\native\../../build/native/lib/Win32/v110/Debug/opencv_core248d.lib" "C:\Users\mideal\Documents\Visual Studio 2012\Projects\Kinect2Capture\packages\OpenCV.2.4.8\build\native\../../build/native/lib/Win32/v110/Debug/opencv_contrib248d.lib" "C:\Users\mideal\Documents\Visual Studio 2012\Projects\Kinect2Capture\packages\OpenCV.2.4.8\build\native\../../build/native/lib/Win32/v110/Debug/opencv_calib3d248d.lib" kinect20.lib kernel32.lib user32.lib gdi32.lib winspool.lib comdlg32.lib advapi32.lib shell32.lib ole32.lib oleaut32.lib uuid.lib odbc32.lib odbccp32.lib /MANIFEST /MANIFESTUAC:"level='asInvoker' uiAccess='false'" /manifest:embed /DEBUG /PDB:"C:\Users\mideal\Documents\Visual Studio 2012\Projects\Kinect2Capture\Debug\Kinect2Capture.pdb" /SUBSYSTEM:CONSOLE /TLBID:1 /DYNAMICBASE /NXCOMPAT /IMPLIB:"C:\Users\mideal\Documents\Visual Studio 2012\Projects\Kinect2Capture\Debug\Kinect2Capture.lib" /MACHINE:X86 Debug\DepthMat.obj
         Debug\FrameMat.obj
         Debug\ColorMat.obj
         Debug\InfraredMat.obj
         Debug\KinectCapture.obj
         Debug\TimeStamp.obj
         Debug\Source.obj
         Debug\CmdLineOptions.obj
         Debug\boost_filesystem.codecvt_error_category.obj
         Debug\boost_filesystem.operations.obj
         Debug\boost_filesystem.path.obj
         Debug\boost_filesystem.path_traits.obj
         Debug\boost_filesystem.portability.obj
         Debug\boost_filesystem.unique_path.obj
         Debug\boost_filesystem.utf8_codecvt_facet.obj
         Debug\boost_filesystem.windows_file_codecvt.obj
         Debug\boost_system.error_code.obj
         Kinect2Capture.vcxproj -> C:\Users\mideal\Documents\Visual Studio 2012\Projects\Kinect2Capture\Debug\Kinect2Capture.exe
     1>プロジェクト "C:\Users\mideal\Documents\Visual Studio 2012\Projects\Kinect2Capture\Kinect2Capture\Kinect2Capture.vcxproj" (Build ターゲット) のビルドが完了しました。

ビルドに成功しました。

経過時間 00:00:05.92
