C:\USERS\MIDEAL\DOCUMENTS\VISUAL STUDIO 2012\PROJECTS\CONSOLEAPPLICATION1\CONSOLEAPPLICATION1\DEBUG\DEPTHMAT.OBJ
C:\USERS\MIDEAL\DOCUMENTS\VISUAL STUDIO 2012\PROJECTS\CONSOLEAPPLICATION1\CONSOLEAPPLICATION1\DEBUG\FRAMEMAT.OBJ
C:\USERS\MIDEAL\DOCUMENTS\VISUAL STUDIO 2012\PROJECTS\CONSOLEAPPLICATION1\CONSOLEAPPLICATION1\DEBUG\COLORMAT.OBJ
C:\USERS\MIDEAL\DOCUMENTS\VISUAL STUDIO 2012\PROJECTS\CONSOLEAPPLICATION1\CONSOLEAPPLICATION1\DEBUG\INFRAREDMAT.OBJ
C:\USERS\MIDEAL\DOCUMENTS\VISUAL STUDIO 2012\PROJECTS\CONSOLEAPPLICATION1\CONSOLEAPPLICATION1\DEBUG\KINECTCAPTURE.OBJ
C:\USERS\MIDEAL\DOCUMENTS\VISUAL STUDIO 2012\PROJECTS\CONSOLEAPPLICATION1\CONSOLEAPPLICATION1\DEBUG\TIMESTAMP.OBJ
C:\USERS\MIDEAL\DOCUMENTS\VISUAL STUDIO 2012\PROJECTS\CONSOLEAPPLICATION1\CONSOLEAPPLICATION1\DEBUG\SOURCE.OBJ
C:\USERS\MIDEAL\DOCUMENTS\VISUAL STUDIO 2012\PROJECTS\CONSOLEAPPLICATION1\CONSOLEAPPLICATION1\DEBUG\CMDLINEOPTIONS.OBJ
C:\USERS\MIDEAL\DOCUMENTS\VISUAL STUDIO 2012\PROJECTS\CONSOLEAPPLICATION1\CONSOLEAPPLICATION1\DEBUG\VC110.PDB
C:\USERS\MIDEAL\DOCUMENTS\VISUAL STUDIO 2012\PROJECTS\CONSOLEAPPLICATION1\CONSOLEAPPLICATION1\DEBUG\BOOST_FILESYSTEM.CODECVT_ERROR_CATEGORY.OBJ
C:\USERS\MIDEAL\DOCUMENTS\VISUAL STUDIO 2012\PROJECTS\CONSOLEAPPLICATION1\CONSOLEAPPLICATION1\DEBUG\BOOST_FILESYSTEM.OPERATIONS.OBJ
C:\USERS\MIDEAL\DOCUMENTS\VISUAL STUDIO 2012\PROJECTS\CONSOLEAPPLICATION1\CONSOLEAPPLICATION1\DEBUG\BOOST_FILESYSTEM.PATH.OBJ
C:\USERS\MIDEAL\DOCUMENTS\VISUAL STUDIO 2012\PROJECTS\CONSOLEAPPLICATION1\CONSOLEAPPLICATION1\DEBUG\BOOST_FILESYSTEM.PATH_TRAITS.OBJ
C:\USERS\MIDEAL\DOCUMENTS\VISUAL STUDIO 2012\PROJECTS\CONSOLEAPPLICATION1\CONSOLEAPPLICATION1\DEBUG\BOOST_FILESYSTEM.PORTABILITY.OBJ
C:\USERS\MIDEAL\DOCUMENTS\VISUAL STUDIO 2012\PROJECTS\CONSOLEAPPLICATION1\CONSOLEAPPLICATION1\DEBUG\BOOST_FILESYSTEM.UNIQUE_PATH.OBJ
C:\USERS\MIDEAL\DOCUMENTS\VISUAL STUDIO 2012\PROJECTS\CONSOLEAPPLICATION1\CONSOLEAPPLICATION1\DEBUG\BOOST_FILESYSTEM.UTF8_CODECVT_FACET.OBJ
C:\USERS\MIDEAL\DOCUMENTS\VISUAL STUDIO 2012\PROJECTS\CONSOLEAPPLICATION1\CONSOLEAPPLICATION1\DEBUG\BOOST_FILESYSTEM.WINDOWS_FILE_CODECVT.OBJ
C:\USERS\MIDEAL\DOCUMENTS\VISUAL STUDIO 2012\PROJECTS\CONSOLEAPPLICATION1\CONSOLEAPPLICATION1\DEBUG\BOOST_SYSTEM.ERROR_CODE.OBJ
C:\USERS\MIDEAL\DOCUMENTS\VISUAL STUDIO 2012\PROJECTS\CONSOLEAPPLICATION1\DEBUG\KINECT2CAPTURE.ILK
C:\USERS\MIDEAL\DOCUMENTS\VISUAL STUDIO 2012\PROJECTS\CONSOLEAPPLICATION1\DEBUG\KINECT2CAPTURE.EXE
C:\USERS\MIDEAL\DOCUMENTS\VISUAL STUDIO 2012\PROJECTS\CONSOLEAPPLICATION1\DEBUG\KINECT2CAPTURE.PDB
C:\Users\mideal\Documents\Visual Studio 2012\Projects\ConsoleApplication1\ConsoleApplication1\Debug\boost_filesystem.codecvt_error_category.obj
C:\Users\mideal\Documents\Visual Studio 2012\Projects\ConsoleApplication1\ConsoleApplication1\Debug\boost_filesystem.operations.obj
C:\Users\mideal\Documents\Visual Studio 2012\Projects\ConsoleApplication1\ConsoleApplication1\Debug\boost_filesystem.path.obj
C:\Users\mideal\Documents\Visual Studio 2012\Projects\ConsoleApplication1\ConsoleApplication1\Debug\boost_filesystem.path_traits.obj
C:\Users\mideal\Documents\Visual Studio 2012\Projects\ConsoleApplication1\ConsoleApplication1\Debug\boost_filesystem.portability.obj
C:\Users\mideal\Documents\Visual Studio 2012\Projects\ConsoleApplication1\ConsoleApplication1\Debug\boost_filesystem.unique_path.obj
C:\Users\mideal\Documents\Visual Studio 2012\Projects\ConsoleApplication1\ConsoleApplication1\Debug\boost_filesystem.utf8_codecvt_facet.obj
C:\Users\mideal\Documents\Visual Studio 2012\Projects\ConsoleApplication1\ConsoleApplication1\Debug\boost_filesystem.windows_file_codecvt.obj
C:\Users\mideal\Documents\Visual Studio 2012\Projects\ConsoleApplication1\ConsoleApplication1\Debug\boost_system.error_code.obj
C:\Users\mideal\Documents\Visual Studio 2012\Projects\ConsoleApplication1\ConsoleApplication1\Debug\CmdLineOptions.obj
C:\Users\mideal\Documents\Visual Studio 2012\Projects\ConsoleApplication1\ConsoleApplication1\Debug\ColorMat.obj
C:\Users\mideal\Documents\Visual Studio 2012\Projects\ConsoleApplication1\ConsoleApplication1\Debug\DepthMat.obj
C:\Users\mideal\Documents\Visual Studio 2012\Projects\ConsoleApplication1\ConsoleApplication1\Debug\FrameMat.obj
C:\Users\mideal\Documents\Visual Studio 2012\Projects\ConsoleApplication1\ConsoleApplication1\Debug\InfraredMat.obj
C:\Users\mideal\Documents\Visual Studio 2012\Projects\ConsoleApplication1\ConsoleApplication1\Debug\KinectCapture.obj
C:\Users\mideal\Documents\Visual Studio 2012\Projects\ConsoleApplication1\ConsoleApplication1\Debug\Source.obj
C:\Users\mideal\Documents\Visual Studio 2012\Projects\ConsoleApplication1\ConsoleApplication1\Debug\TimeStamp.obj
C:\Users\mideal\Documents\Visual Studio 2012\Projects\ConsoleApplication1\ConsoleApplication1\Debug\cl.command.1.tlog
C:\Users\mideal\Documents\Visual Studio 2012\Projects\ConsoleApplication1\ConsoleApplication1\Debug\CL.read.1.tlog
C:\Users\mideal\Documents\Visual Studio 2012\Projects\ConsoleApplication1\ConsoleApplication1\Debug\CL.write.1.tlog
C:\Users\mideal\Documents\Visual Studio 2012\Projects\ConsoleApplication1\ConsoleApplication1\Debug\link-cvtres.read.1.tlog
C:\Users\mideal\Documents\Visual Studio 2012\Projects\ConsoleApplication1\ConsoleApplication1\Debug\link-cvtres.write.1.tlog
C:\Users\mideal\Documents\Visual Studio 2012\Projects\ConsoleApplication1\ConsoleApplication1\Debug\link-rc.read.1.tlog
C:\Users\mideal\Documents\Visual Studio 2012\Projects\ConsoleApplication1\ConsoleApplication1\Debug\link-rc.write.1.tlog
C:\Users\mideal\Documents\Visual Studio 2012\Projects\ConsoleApplication1\ConsoleApplication1\Debug\link.1248-cvtres.read.1.tlog
C:\Users\mideal\Documents\Visual Studio 2012\Projects\ConsoleApplication1\ConsoleApplication1\Debug\link.1248-cvtres.write.1.tlog
C:\Users\mideal\Documents\Visual Studio 2012\Projects\ConsoleApplication1\ConsoleApplication1\Debug\link.1248-rc.read.1.tlog
C:\Users\mideal\Documents\Visual Studio 2012\Projects\ConsoleApplication1\ConsoleApplication1\Debug\link.1248-rc.write.1.tlog
C:\Users\mideal\Documents\Visual Studio 2012\Projects\ConsoleApplication1\ConsoleApplication1\Debug\link.1248.read.1.tlog
C:\Users\mideal\Documents\Visual Studio 2012\Projects\ConsoleApplication1\ConsoleApplication1\Debug\link.1248.write.1.tlog
C:\Users\mideal\Documents\Visual Studio 2012\Projects\ConsoleApplication1\ConsoleApplication1\Debug\link.2252-cvtres.read.1.tlog
C:\Users\mideal\Documents\Visual Studio 2012\Projects\ConsoleApplication1\ConsoleApplication1\Debug\link.2252-cvtres.write.1.tlog
C:\Users\mideal\Documents\Visual Studio 2012\Projects\ConsoleApplication1\ConsoleApplication1\Debug\link.2252-rc.read.1.tlog
C:\Users\mideal\Documents\Visual Studio 2012\Projects\ConsoleApplication1\ConsoleApplication1\Debug\link.2252-rc.write.1.tlog
C:\Users\mideal\Documents\Visual Studio 2012\Projects\ConsoleApplication1\ConsoleApplication1\Debug\link.2252.read.1.tlog
C:\Users\mideal\Documents\Visual Studio 2012\Projects\ConsoleApplication1\ConsoleApplication1\Debug\link.2252.write.1.tlog
C:\Users\mideal\Documents\Visual Studio 2012\Projects\ConsoleApplication1\ConsoleApplication1\Debug\link.2592-cvtres.read.1.tlog
C:\Users\mideal\Documents\Visual Studio 2012\Projects\ConsoleApplication1\ConsoleApplication1\Debug\link.2592-cvtres.write.1.tlog
C:\Users\mideal\Documents\Visual Studio 2012\Projects\ConsoleApplication1\ConsoleApplication1\Debug\link.2592-rc.read.1.tlog
C:\Users\mideal\Documents\Visual Studio 2012\Projects\ConsoleApplication1\ConsoleApplication1\Debug\link.2592-rc.write.1.tlog
C:\Users\mideal\Documents\Visual Studio 2012\Projects\ConsoleApplication1\ConsoleApplication1\Debug\link.2592.read.1.tlog
C:\Users\mideal\Documents\Visual Studio 2012\Projects\ConsoleApplication1\ConsoleApplication1\Debug\link.2592.write.1.tlog
C:\Users\mideal\Documents\Visual Studio 2012\Projects\ConsoleApplication1\ConsoleApplication1\Debug\link.4712-cvtres.read.1.tlog
C:\Users\mideal\Documents\Visual Studio 2012\Projects\ConsoleApplication1\ConsoleApplication1\Debug\link.4712-cvtres.write.1.tlog
C:\Users\mideal\Documents\Visual Studio 2012\Projects\ConsoleApplication1\ConsoleApplication1\Debug\link.4712-rc.read.1.tlog
C:\Users\mideal\Documents\Visual Studio 2012\Projects\ConsoleApplication1\ConsoleApplication1\Debug\link.4712-rc.write.1.tlog
C:\Users\mideal\Documents\Visual Studio 2012\Projects\ConsoleApplication1\ConsoleApplication1\Debug\link.4712.read.1.tlog
C:\Users\mideal\Documents\Visual Studio 2012\Projects\ConsoleApplication1\ConsoleApplication1\Debug\link.4712.write.1.tlog
C:\Users\mideal\Documents\Visual Studio 2012\Projects\ConsoleApplication1\ConsoleApplication1\Debug\link.5032-cvtres.read.1.tlog
C:\Users\mideal\Documents\Visual Studio 2012\Projects\ConsoleApplication1\ConsoleApplication1\Debug\link.5032-cvtres.write.1.tlog
C:\Users\mideal\Documents\Visual Studio 2012\Projects\ConsoleApplication1\ConsoleApplication1\Debug\link.5032-rc.read.1.tlog
C:\Users\mideal\Documents\Visual Studio 2012\Projects\ConsoleApplication1\ConsoleApplication1\Debug\link.5032-rc.write.1.tlog
C:\Users\mideal\Documents\Visual Studio 2012\Projects\ConsoleApplication1\ConsoleApplication1\Debug\link.5032.read.1.tlog
C:\Users\mideal\Documents\Visual Studio 2012\Projects\ConsoleApplication1\ConsoleApplication1\Debug\link.5032.write.1.tlog
C:\Users\mideal\Documents\Visual Studio 2012\Projects\ConsoleApplication1\ConsoleApplication1\Debug\link.908-cvtres.read.1.tlog
C:\Users\mideal\Documents\Visual Studio 2012\Projects\ConsoleApplication1\ConsoleApplication1\Debug\link.908-cvtres.write.1.tlog
C:\Users\mideal\Documents\Visual Studio 2012\Projects\ConsoleApplication1\ConsoleApplication1\Debug\link.908-rc.read.1.tlog
C:\Users\mideal\Documents\Visual Studio 2012\Projects\ConsoleApplication1\ConsoleApplication1\Debug\link.908-rc.write.1.tlog
C:\Users\mideal\Documents\Visual Studio 2012\Projects\ConsoleApplication1\ConsoleApplication1\Debug\link.908.read.1.tlog
C:\Users\mideal\Documents\Visual Studio 2012\Projects\ConsoleApplication1\ConsoleApplication1\Debug\link.908.write.1.tlog
C:\Users\mideal\Documents\Visual Studio 2012\Projects\ConsoleApplication1\ConsoleApplication1\Debug\link.command.1.tlog
C:\Users\mideal\Documents\Visual Studio 2012\Projects\ConsoleApplication1\ConsoleApplication1\Debug\link.read.1.tlog
C:\Users\mideal\Documents\Visual Studio 2012\Projects\ConsoleApplication1\ConsoleApplication1\Debug\link.write.1.tlog
C:\Users\mideal\Documents\Visual Studio 2012\Projects\ConsoleApplication1\ConsoleApplication1\Debug\vc110.idb
C:\Users\mideal\Documents\Visual Studio 2012\Projects\ConsoleApplication1\ConsoleApplication1\Debug\vc110.pdb
C:\Users\mideal\Documents\Visual Studio 2012\Projects\ConsoleApplication1\Debug\Kinect2Capture.pdb
C:\Users\mideal\Documents\Visual Studio 2012\Projects\ConsoleApplication1\Debug\Kinect2Capture.exe
C:\Users\mideal\Documents\Visual Studio 2012\Projects\ConsoleApplication1\Debug\Kinect2Capture.ilk
