C:\USERS\MIDEAL\DOCUMENTS\GITHUB\KINECTONTHECEILING\KINECT2CAPTURE\KINECT2CAPTURE\X64\RELEASE\CMDLINEOPTIONS.OBJ
C:\USERS\MIDEAL\DOCUMENTS\GITHUB\KINECTONTHECEILING\KINECT2CAPTURE\KINECT2CAPTURE\X64\RELEASE\SOURCE.OBJ
C:\USERS\MIDEAL\DOCUMENTS\GITHUB\KINECTONTHECEILING\KINECT2CAPTURE\KINECT2CAPTURE\X64\RELEASE\TIMESTAMP.OBJ
C:\USERS\MIDEAL\DOCUMENTS\GITHUB\KINECTONTHECEILING\KINECT2CAPTURE\KINECT2CAPTURE\X64\RELEASE\KINECTCAPTURE.OBJ
C:\USERS\MIDEAL\DOCUMENTS\GITHUB\KINECTONTHECEILING\KINECT2CAPTURE\KINECT2CAPTURE\X64\RELEASE\INFRAREDMAT.OBJ
C:\USERS\MIDEAL\DOCUMENTS\GITHUB\KINECTONTHECEILING\KINECT2CAPTURE\KINECT2CAPTURE\X64\RELEASE\COLORMAT.OBJ
C:\USERS\MIDEAL\DOCUMENTS\GITHUB\KINECTONTHECEILING\KINECT2CAPTURE\KINECT2CAPTURE\X64\RELEASE\FRAMEMAT.OBJ
C:\USERS\MIDEAL\DOCUMENTS\GITHUB\KINECTONTHECEILING\KINECT2CAPTURE\KINECT2CAPTURE\X64\RELEASE\DEPTHMAT.OBJ
C:\USERS\MIDEAL\DOCUMENTS\GITHUB\KINECTONTHECEILING\KINECT2CAPTURE\KINECT2CAPTURE\X64\RELEASE\VC110.PDB
C:\USERS\MIDEAL\DOCUMENTS\GITHUB\KINECTONTHECEILING\KINECT2CAPTURE\X64\RELEASE\KINECT2CAPTURE.EXE
C:\USERS\MIDEAL\DOCUMENTS\GITHUB\KINECTONTHECEILING\KINECT2CAPTURE\X64\RELEASE\KINECT2CAPTURE.PDB
C:\Users\mideal\Documents\GitHub\KinectOnTheCeiling\Kinect2Capture\Kinect2Capture\x64\Release\CmdLineOptions.obj
C:\Users\mideal\Documents\GitHub\KinectOnTheCeiling\Kinect2Capture\Kinect2Capture\x64\Release\ColorMat.obj
C:\Users\mideal\Documents\GitHub\KinectOnTheCeiling\Kinect2Capture\Kinect2Capture\x64\Release\DepthMat.obj
C:\Users\mideal\Documents\GitHub\KinectOnTheCeiling\Kinect2Capture\Kinect2Capture\x64\Release\FrameMat.obj
C:\Users\mideal\Documents\GitHub\KinectOnTheCeiling\Kinect2Capture\Kinect2Capture\x64\Release\InfraredMat.obj
C:\Users\mideal\Documents\GitHub\KinectOnTheCeiling\Kinect2Capture\Kinect2Capture\x64\Release\KinectCapture.obj
C:\Users\mideal\Documents\GitHub\KinectOnTheCeiling\Kinect2Capture\Kinect2Capture\x64\Release\Source.obj
C:\Users\mideal\Documents\GitHub\KinectOnTheCeiling\Kinect2Capture\Kinect2Capture\x64\Release\TimeStamp.obj
C:\Users\mideal\Documents\GitHub\KinectOnTheCeiling\Kinect2Capture\Kinect2Capture\x64\Release\cl.command.1.tlog
C:\Users\mideal\Documents\GitHub\KinectOnTheCeiling\Kinect2Capture\Kinect2Capture\x64\Release\CL.read.1.tlog
C:\Users\mideal\Documents\GitHub\KinectOnTheCeiling\Kinect2Capture\Kinect2Capture\x64\Release\CL.write.1.tlog
C:\Users\mideal\Documents\GitHub\KinectOnTheCeiling\Kinect2Capture\Kinect2Capture\x64\Release\link-cvtres.read.1.tlog
C:\Users\mideal\Documents\GitHub\KinectOnTheCeiling\Kinect2Capture\Kinect2Capture\x64\Release\link-cvtres.write.1.tlog
C:\Users\mideal\Documents\GitHub\KinectOnTheCeiling\Kinect2Capture\Kinect2Capture\x64\Release\link-rc.read.1.tlog
C:\Users\mideal\Documents\GitHub\KinectOnTheCeiling\Kinect2Capture\Kinect2Capture\x64\Release\link-rc.write.1.tlog
C:\Users\mideal\Documents\GitHub\KinectOnTheCeiling\Kinect2Capture\Kinect2Capture\x64\Release\link.command.1.tlog
C:\Users\mideal\Documents\GitHub\KinectOnTheCeiling\Kinect2Capture\Kinect2Capture\x64\Release\link.read.1.tlog
C:\Users\mideal\Documents\GitHub\KinectOnTheCeiling\Kinect2Capture\Kinect2Capture\x64\Release\link.write.1.tlog
C:\Users\mideal\Documents\GitHub\KinectOnTheCeiling\Kinect2Capture\Kinect2Capture\x64\Release\vc110.pdb
C:\Users\mideal\Documents\GitHub\KinectOnTheCeiling\Kinect2Capture\x64\Release\Kinect2Capture.pdb
C:\Users\mideal\Documents\GitHub\KinectOnTheCeiling\Kinect2Capture\x64\Release\Kinect2Capture.exe
