2015/05/27 11:00:43 にビルドを開始しました。
     1>ノード 2 上のプロジェクト "C:\Users\mideal\Documents\GitHub\KinectOnTheCeiling\Kinect2Capture\Kinect2Capture\Kinect2Capture.vcxproj" (Rebuild ターゲット)。
     1>ClCompile:
         C:\Program Files (x86)\Microsoft Visual Studio 11.0\VC\bin\x86_amd64\CL.exe /c /I"C:\Program Files\Microsoft SDKs\Kinect\v2.0-PublicPreview1409\\inc" /I"C:\Program Files\boost_1_58_0" /I"C:\Program Files\opencv\build\include" /Zi /nologo /W3 /WX- /sdl /O2 /Oi /GL /D WIN32 /D NDEBUG /D _CONSOLE /D _UNICODE /D UNICODE /Gm- /EHsc /MD /GS /Gy /fp:precise /Zc:wchar_t /Zc:forScope /Fo"x64\Release\\" /Fd"x64\Release\vc110.pdb" /Gd /TP /errorReport:prompt myUtils\FrameMat\DepthMat.cpp myUtils\FrameMat\FrameMat.cpp myUtils\FrameMat\ColorMat.cpp myUtils\FrameMat\InfraredMat.cpp myUtils\KinectCapture\KinectCapture.cpp myUtils\TimeStamp\TimeStamp.cpp Source.cpp myUtils\CmdLineOptions\CmdLineOptions.cpp
         DepthMat.cpp
     1>c:\users\mideal\documents\github\kinectontheceiling\kinect2capture\kinect2capture\myutils\framemat\framemat.h(29): warning C4800: 'int' : ブール値を 'true' または 'false' に強制的に設定します (警告の処理)
         FrameMat.cpp
     1>c:\users\mideal\documents\github\kinectontheceiling\kinect2capture\kinect2capture\myutils\framemat\framemat.h(29): warning C4800: 'int' : ブール値を 'true' または 'false' に強制的に設定します (警告の処理)
     1>myUtils\FrameMat\FrameMat.cpp(7): warning C4267: '=' : 'size_t' から 'int' に変換しました。データが失われているかもしれません。
         ColorMat.cpp
     1>c:\users\mideal\documents\github\kinectontheceiling\kinect2capture\kinect2capture\myutils\framemat\framemat.h(29): warning C4800: 'int' : ブール値を 'true' または 'false' に強制的に設定します (警告の処理)
         InfraredMat.cpp
     1>c:\users\mideal\documents\github\kinectontheceiling\kinect2capture\kinect2capture\myutils\framemat\FrameMat.h(29): warning C4800: 'int' : ブール値を 'true' または 'false' に強制的に設定します (警告の処理)
         KinectCapture.cpp
         TimeStamp.cpp
     1>c:\users\mideal\documents\github\kinectontheceiling\kinect2capture\kinect2capture\myutils\timestamp\../framemat/framemat.h(29): warning C4800: 'int' : ブール値を 'true' または 'false' に強制的に設定します (警告の処理)
         Source.cpp
     1>c:\users\mideal\documents\github\kinectontheceiling\kinect2capture\kinect2capture\myUtils/FrameMat/FrameMat.h(29): warning C4800: 'int' : ブール値を 'true' または 'false' に強制的に設定します (警告の処理)
     1>Source.cpp(51): warning C4267: '初期化中' : 'size_t' から 'int' に変換しました。データが失われているかもしれません。
     1>Source.cpp(81): warning C4267: '引数' : 'size_t' から 'int' に変換しました。データが失われているかもしれません。
         CmdLineOptions.cpp
       Link:
         C:\Program Files (x86)\Microsoft Visual Studio 11.0\VC\bin\x86_amd64\link.exe /ERRORREPORT:PROMPT /OUT:"C:\Users\mideal\Documents\GitHub\KinectOnTheCeiling\Kinect2Capture\x64\Release\Kinect2Capture.exe" /INCREMENTAL:NO /NOLOGO /LIBPATH:"C:\Program Files\Microsoft SDKs\Kinect\v2.0-PublicPreview1409\\lib\x64" /LIBPATH:"C:\Program Files\boost_1_58_0\stage\lib" /LIBPATH:"C:\Program Files\opencv\build\x64\vc12\lib" kinect20.lib opencv_calib3d2411.lib opencv_calib3d2411d.lib opencv_contrib2411.lib opencv_contrib2411d.lib opencv_core2411.lib opencv_core2411d.lib opencv_features2d2411.lib opencv_features2d2411d.lib opencv_flann2411.lib opencv_flann2411d.lib opencv_gpu2411.lib opencv_gpu2411d.lib opencv_highgui2411.lib opencv_highgui2411d.lib opencv_imgproc2411.lib opencv_imgproc2411d.lib opencv_legacy2411.lib opencv_legacy2411d.lib opencv_ml2411.lib opencv_ml2411d.lib opencv_nonfree2411.lib opencv_nonfree2411d.lib opencv_objdetect2411.lib opencv_objdetect2411d.lib opencv_ocl2411.lib opencv_ocl2411d.lib opencv_photo2411.lib opencv_photo2411d.lib opencv_stitching2411.lib opencv_stitching2411d.lib opencv_superres2411.lib opencv_superres2411d.lib opencv_ts2411.lib opencv_ts2411d.lib opencv_video2411.lib opencv_video2411d.lib opencv_videostab2411.lib opencv_videostab2411d.lib kernel32.lib user32.lib gdi32.lib winspool.lib comdlg32.lib advapi32.lib shell32.lib ole32.lib oleaut32.lib uuid.lib odbc32.lib odbccp32.lib /MANIFEST /MANIFESTUAC:"level='asInvoker' uiAccess='false'" /manifest:embed /DEBUG /PDB:"C:\Users\mideal\Documents\GitHub\KinectOnTheCeiling\Kinect2Capture\x64\Release\Kinect2Capture.pdb" /SUBSYSTEM:CONSOLE /OPT:REF /OPT:ICF /LTCG /TLBID:1 /DYNAMICBASE /NXCOMPAT /IMPLIB:"C:\Users\mideal\Documents\GitHub\KinectOnTheCeiling\Kinect2Capture\x64\Release\Kinect2Capture.lib" /MACHINE:X64 x64\Release\DepthMat.obj
         x64\Release\FrameMat.obj
         x64\Release\ColorMat.obj
         x64\Release\InfraredMat.obj
         x64\Release\KinectCapture.obj
         x64\Release\TimeStamp.obj
         x64\Release\Source.obj
         x64\Release\CmdLineOptions.obj
         コード生成しています。
         コード生成が終了しました。
         Kinect2Capture.vcxproj -> C:\Users\mideal\Documents\GitHub\KinectOnTheCeiling\Kinect2Capture\x64\Release\Kinect2Capture.exe
     1>プロジェクト "C:\Users\mideal\Documents\GitHub\KinectOnTheCeiling\Kinect2Capture\Kinect2Capture\Kinect2Capture.vcxproj" (Rebuild ターゲット) のビルドが完了しました。

ビルドに成功しました。

経過時間 00:00:23.10
